<?xml version="1.0" encoding="UTF-8"?>
<testng-results skipped="0" failed="0" ignored="0" total="2" passed="2">
  <reporter-output>
  </reporter-output>
  <suite name="Default suite" duration-ms="61" started-at="2022-02-02T20:59:38 IST" finished-at="2022-02-02T20:59:38 IST">
    <groups>
      <group name="regressionTest">
        <method signature="OrgTest.orgConTest()[pri:0, instance:com.actiTime.OrgTest.OrgTest@4d41cee]" name="orgConTest" class="com.actiTime.OrgTest.OrgTest"/>
      </group> <!-- regressionTest -->
      <group name="smokeTest">
        <method signature="OrgTest.orgTest()[pri:0, instance:com.actiTime.OrgTest.OrgTest@4d41cee]" name="orgTest" class="com.actiTime.OrgTest.OrgTest"/>
      </group> <!-- smokeTest -->
    </groups>
    <test name="Default test" duration-ms="61" started-at="2022-02-02T20:59:38 IST" finished-at="2022-02-02T20:59:38 IST">
      <class name="com.actiTime.OrgTest.OrgTest">
        <test-method status="PASS" signature="orgConTest()[pri:0, instance:com.actiTime.OrgTest.OrgTest@4d41cee]" name="orgConTest" duration-ms="10" started-at="2022-02-02T20:59:38 IST" finished-at="2022-02-02T20:59:38 IST">
          <reporter-output>
          </reporter-output>
        </test-method> <!-- orgConTest -->
        <test-method status="PASS" signature="orgTest()[pri:0, instance:com.actiTime.OrgTest.OrgTest@4d41cee]" name="orgTest" duration-ms="2" started-at="2022-02-02T20:59:38 IST" finished-at="2022-02-02T20:59:38 IST">
          <reporter-output>
          </reporter-output>
        </test-method> <!-- orgTest -->
      </class> <!-- com.actiTime.OrgTest.OrgTest -->
    </test> <!-- Default test -->
  </suite> <!-- Default suite -->
</testng-results>
